<?xml version="1.0" encoding="UTF-8"?>
<!-- Generated by org.testng.reporters.JUnitXMLReporter -->
<testsuite hostname="ATCs-MacBook-Air.local" ignored="1" name="Android" tests="1" failures="0" timestamp="2021-06-12T23:22:44 IST" time="14.395" errors="0">
  <testcase name="@BeforeMethod beforeMethod" time="1.98" classname="com.qa.tests.ProductTests">
    <failure type="java.lang.NullPointerException">
      <![CDATA[java.lang.NullPointerException
at com.qa.BaseTest.sendKeys(BaseTest.java:294)
at com.qa.pages.LoginPage.enterUserName(LoginPage.java:27)
at com.qa.pages.LoginPage.login(LoginPage.java:43)
at com.qa.tests.ProductTests.beforeMethod(ProductTests.java:52)
at java.util.ArrayList.forEach(ArrayList.java:1259)
at java.util.concurrent.FutureTask.run(FutureTask.java:266)
at java.util.concurrent.ThreadPoolExecutor.runWorker(ThreadPoolExecutor.java:1149)
at java.util.concurrent.ThreadPoolExecutor$Worker.run(ThreadPoolExecutor.java:624)
at java.lang.Thread.run(Thread.java:748)
... Removed 22 stack frames]]>
    </failure>
  </testcase> <!-- @BeforeMethod beforeMethod -->
  <testcase name="@AfterMethod afterMethod" time="-1.623520364225E9" classname="com.qa.tests.ProductTests">
    <skipped/>
  </testcase> <!-- @AfterMethod afterMethod -->
  <testcase name="@AfterMethod afterMethod" time="-1.623520364226E9" classname="com.qa.BaseTest">
    <skipped/>
  </testcase> <!-- @AfterMethod afterMethod -->
  <testcase name="@AfterClass afterClass" time="-1.623520364229E9" classname="com.qa.tests.ProductTests">
    <skipped/>
  </testcase> <!-- @AfterClass afterClass -->
  <testcase name="@AfterTest afterTest" time="-1.623520364234E9" classname="com.qa.BaseTest">
    <skipped/>
  </testcase> <!-- @AfterTest afterTest -->
  <testcase name="validateProductOnProductsPage" time="0.0" classname="com.qa.tests.ProductTests">
    <skipped/>
  </testcase> <!-- validateProductOnProductsPage -->
  <testcase name="validateProductOnProductDetailsPage" time="0.0" classname="com.qa.tests.ProductTests">
    <ignored/>
  </testcase> <!-- validateProductOnProductDetailsPage -->
</testsuite> <!-- Android -->
